<?xml version="1.0" encoding="UTF-8"?>
<!-- Generated by org.testng.reporters.JUnitReportReporter -->
<testsuite hostname="GMC16381" failures="0" tests="1" name="Dash.ReserveOperatorAndRemoveRes" time="167.005" errors="0" timestamp="2022-08-01T14:03:08 CDT" skipped="0">
  <testcase classname="Dash.ReserveOperatorAndRemoveRes" name="mainReserveOperatorAndRemoveRes" time="167.005"/>
  <system-out/>
</testsuite> <!-- Dash.ReserveOperatorAndRemoveRes -->
