<?xml version="1.0" encoding="UTF-8"?>
<!-- Generated by org.testng.reporters.JUnitReportReporter -->
<testsuite hostname="GMC16381" failures="0" tests="1" name="DPManage.ShiftCatalog" time="155.879" errors="0" timestamp="2022-09-28T16:03:38 CDT" skipped="0">
  <testcase classname="DPManage.ShiftCatalog" name="mainShiftCatalog" time="155.879"/>
  <system-out/>
</testsuite> <!-- DPManage.ShiftCatalog -->
