<?xml version="1.0" encoding="UTF-8"?>
<!-- Generated by org.testng.reporters.JUnitReportReporter -->
<testsuite hostname="GMC16381" failures="0" tests="1" name="Digi.DefineSkillsAndCurriculum" time="46.482" errors="0" timestamp="2022-09-29T13:07:46 CDT" skipped="0">
  <testcase classname="Digi.DefineSkillsAndCurriculum" name="mainDefineSkillsAndCurriculum" time="46.482"/>
  <system-out/>
</testsuite> <!-- Digi.DefineSkillsAndCurriculum -->
