<?xml version="1.0" encoding="UTF-8"?>
<!-- Generated by org.testng.reporters.JUnitReportReporter -->
<testsuite hostname="GMC16381" failures="0" tests="1" name="Dash.ReleaseAndSentHome" time="1410.953" errors="0" timestamp="2022-07-25T14:35:41 CDT" skipped="0">
  <testcase classname="Dash.ReleaseAndSentHome" name="mainReleaseAndSentHome" time="1410.953"/>
  <system-out/>
</testsuite> <!-- Dash.ReleaseAndSentHome -->
