<?xml version="1.0" encoding="UTF-8"?>
<!-- Generated by org.testng.reporters.JUnitReportReporter -->
<testsuite hostname="GMC16381" failures="0" tests="1" name="Dash.ClockOutFromUnassignedPanel" time="333.304" errors="0" timestamp="2022-06-01T17:01:17 CDT" skipped="0">
  <testcase classname="Dash.ClockOutFromUnassignedPanel" name="mainClockOutFromUnassignedPanel" time="333.304"/>
  <system-out/>
</testsuite> <!-- Dash.ClockOutFromUnassignedPanel -->
