<?xml version="1.0" encoding="UTF-8"?>
<!-- Generated by org.testng.reporters.JUnitReportReporter -->
<testsuite hostname="GMC16381" failures="0" tests="1" name="Dash.ClockOutFromDashaboardStation" time="134.337" errors="0" timestamp="2022-06-22T16:19:24 CDT" skipped="0">
  <testcase classname="Dash.ClockOutFromDashaboardStation" name="mainClockOutFromDashaboardStation" time="134.337"/>
  <system-out/>
</testsuite> <!-- Dash.ClockOutFromDashaboardStation -->
