<?xml version="1.0" encoding="UTF-8"?>
<!-- Generated by org.testng.reporters.JUnitReportReporter -->
<testsuite hostname="GMC16381" failures="0" tests="1" name="Digi.OperatorStationHistoryDetailedReport" time="58.347" errors="0" timestamp="2022-03-08T17:55:25 CST" skipped="0">
  <testcase classname="Digi.OperatorStationHistoryDetailedReport" name="mainOperatorStationHistoryDetailedReport" time="58.347"/>
  <system-out/>
</testsuite> <!-- Digi.OperatorStationHistoryDetailedReport -->
