<?xml version="1.0" encoding="UTF-8"?>
<!-- Generated by org.testng.reporters.JUnitReportReporter -->
<testsuite hostname="GMC16381" failures="0" tests="1" name="Dash.ReleaseMTNLAssignToStation" time="261.939" errors="0" timestamp="2022-06-29T15:47:33 CDT" skipped="0">
  <testcase classname="Dash.ReleaseMTNLAssignToStation" name="mainReleaseMTNLAssignToStation" time="261.939"/>
  <system-out/>
</testsuite> <!-- Dash.ReleaseMTNLAssignToStation -->
