<?xml version="1.0" encoding="UTF-8"?>
<!-- Generated by org.testng.reporters.JUnitReportReporter -->
<testsuite hostname="GMC16381" failures="0" tests="1" name="Digi.SkillsAndCurriculumReports" time="22.687" errors="0" timestamp="2022-02-25T11:46:06 CST" skipped="0">
  <testcase classname="Digi.SkillsAndCurriculumReports" name="mainSkillsAndCurriculumReports" time="22.687"/>
  <system-out/>
</testsuite> <!-- Digi.SkillsAndCurriculumReports -->
