<?xml version="1.0" encoding="UTF-8"?>
<!-- Generated by org.testng.reporters.JUnitReportReporter -->
<testsuite hostname="GMC16381" failures="0" tests="1" name="Dash.ReleaseAndSentHome" time="1515.969" errors="0" timestamp="2022-06-06T11:38:29 CDT" skipped="0">
  <testcase classname="Dash.ReleaseAndSentHome" name="mainReleaseAndSentHome" time="1515.969"/>
  <system-out/>
</testsuite> <!-- Dash.ReleaseAndSentHome -->
