<?xml version="1.0" encoding="UTF-8"?>
<!-- Generated by org.testng.reporters.JUnitReportReporter -->
<testsuite hostname="GMC16381" failures="0" tests="1" name="Dash.clockInAssignToHistoricalStation" time="193.393" errors="0" timestamp="2022-06-28T14:30:16 CDT" skipped="0">
  <testcase classname="Dash.clockInAssignToHistoricalStation" name="mainClockInAssignToHistoricalStation" time="193.393"/>
  <system-out/>
</testsuite> <!-- Dash.clockInAssignToHistoricalStation -->
