<?xml version="1.0" encoding="UTF-8"?>
<!-- Generated by org.testng.reporters.JUnitReportReporter -->
<testsuite hostname="GMC16381" failures="0" tests="1" name="Dash.ClockOutFromUnassignedPanel" time="332.429" errors="0" timestamp="2022-06-10T14:07:13 CDT" skipped="0">
  <testcase classname="Dash.ClockOutFromUnassignedPanel" name="mainClockOutFromUnassignedPanel" time="332.429"/>
  <system-out/>
</testsuite> <!-- Dash.ClockOutFromUnassignedPanel -->
