<?xml version="1.0" encoding="UTF-8"?>
<!-- Generated by org.testng.reporters.JUnitReportReporter -->
<testsuite hostname="GMC16381" failures="0" tests="1" name="Digi.OperatorReport" time="23.859" errors="0" timestamp="2022-02-25T11:46:06 CST" skipped="0">
  <testcase classname="Digi.OperatorReport" name="mainOperatorReport" time="23.859"/>
  <system-out/>
</testsuite> <!-- Digi.OperatorReport -->
