<?xml version="1.0" encoding="UTF-8"?>
<!-- Generated by org.testng.reporters.JUnitReportReporter -->
<testsuite hostname="GMC16381" failures="0" tests="1" name="Dash.ReleaseMTNLAssignToStation" time="283.959" errors="0" timestamp="2022-07-13T15:05:24 CDT" skipped="0">
  <testcase classname="Dash.ReleaseMTNLAssignToStation" name="mainReleaseMTNLAssignToStation" time="283.959"/>
  <system-out/>
</testsuite> <!-- Dash.ReleaseMTNLAssignToStation -->
