<?xml version="1.0" encoding="UTF-8"?>
<!-- Generated by org.testng.reporters.JUnitReportReporter -->
<testsuite hostname="GMC16381" failures="0" tests="1" name="Digi.OrganizationDashboardIcon" time="41.222" errors="0" timestamp="2022-02-25T11:50:37 CST" skipped="0">
  <testcase classname="Digi.OrganizationDashboardIcon" name="mainOrganizationDashboardIcon" time="41.222"/>
  <system-out/>
</testsuite> <!-- Digi.OrganizationDashboardIcon -->
