<?xml version="1.0" encoding="UTF-8"?>
<!-- Generated by org.testng.reporters.JUnitReportReporter -->
<testsuite hostname="GMC16381" failures="0" tests="1" name="Dash.checkDuplication" time="47.836" errors="0" timestamp="2022-06-08T14:23:26 CDT" skipped="0">
  <testcase classname="Dash.checkDuplication" name="mainCheckDuplication" time="47.836"/>
  <system-out/>
</testsuite> <!-- Dash.checkDuplication -->
