<?xml version="1.0" encoding="UTF-8"?>
<!-- Generated by org.testng.reporters.JUnitReportReporter -->
<testsuite hostname="GMC16381" failures="0" tests="1" name="Dash.ClockOutFromUnassignedPanel" time="114.241" errors="0" timestamp="2022-07-25T14:11:08 CDT" skipped="0">
  <testcase classname="Dash.ClockOutFromUnassignedPanel" name="mainClockOutFromUnassignedPanel" time="114.241"/>
  <system-out/>
</testsuite> <!-- Dash.ClockOutFromUnassignedPanel -->
