<?xml version="1.0" encoding="UTF-8"?>
<!-- Generated by org.testng.reporters.JUnitReportReporter -->
<testsuite hostname="GMC16381" failures="0" tests="1" name="Digi.CreateClassAndEditGrade" time="42.448" errors="0" timestamp="2022-03-01T18:18:50 CST" skipped="0">
  <testcase classname="Digi.CreateClassAndEditGrade" name="mainCreateClassAndEditGrade" time="42.448"/>
  <system-out/>
</testsuite> <!-- Digi.CreateClassAndEditGrade -->
