<?xml version="1.0" encoding="UTF-8"?>
<!-- Generated by org.testng.reporters.JUnitReportReporter -->
<testsuite hostname="GMC16381" failures="0" tests="1" name="Dash.DragAndDrop" time="418.125" errors="0" timestamp="2022-06-08T14:23:25 CDT" skipped="0">
  <testcase classname="Dash.DragAndDrop" name="mainDragAndDrop" time="418.125"/>
  <system-out/>
</testsuite> <!-- Dash.DragAndDrop -->
