<?xml version="1.0" encoding="UTF-8"?>
<!-- Generated by org.testng.reporters.JUnitReportReporter -->
<testsuite hostname="GMC16381" failures="0" tests="1" name="OperatorStationHistoryNonDetailedReport" time="32.474" errors="0" timestamp="2022-03-08T17:52:27 CST" skipped="0">
  <testcase classname="OperatorStationHistoryNonDetailedReport" name="mainOperatorStationHistoryNonDetailedReport" time="32.474"/>
  <system-out/>
</testsuite> <!-- OperatorStationHistoryNonDetailedReport -->
