<?xml version="1.0" encoding="UTF-8"?>
<!-- Generated by org.testng.reporters.JUnitReportReporter -->
<testsuite hostname="GMC16381" failures="0" tests="1" name="Dash.ClockOutFromUnassignedPanel" time="334.448" errors="0" timestamp="2022-06-06T16:52:45 CDT" skipped="0">
  <testcase classname="Dash.ClockOutFromUnassignedPanel" name="mainClockOutFromUnassignedPanel" time="334.448"/>
  <system-out/>
</testsuite> <!-- Dash.ClockOutFromUnassignedPanel -->
