<?xml version="1.0" encoding="UTF-8"?>
<!-- Generated by org.testng.reporters.JUnitReportReporter -->
<testsuite hostname="GMC16381" failures="0" tests="1" name="Dash.ClockinAMSLineOperators" time="396.831" errors="0" timestamp="2022-07-07T16:35:27 CDT" skipped="0">
  <testcase classname="Dash.ClockinAMSLineOperators" name="mainClockinAMSLineOperators" time="396.831"/>
  <system-out/>
</testsuite> <!-- Dash.ClockinAMSLineOperators -->
