<?xml version="1.0" encoding="UTF-8"?>
<!-- Generated by org.testng.reporters.JUnitReportReporter -->
<testsuite hostname="GMC16381" failures="0" tests="1" name="Dash.search" time="49.066" errors="0" timestamp="2022-09-26T14:36:43 CDT" skipped="0">
  <testcase classname="Dash.search" name="mainSearch" time="49.066"/>
  <system-out/>
</testsuite> <!-- Dash.search -->
