<?xml version="1.0" encoding="UTF-8"?>
<!-- Generated by org.testng.reporters.JUnitReportReporter -->
<testsuite hostname="GMC16381" failures="0" tests="1" name="Dash.clockInAssignToHistoricalStation" time="125.295" errors="0" timestamp="2022-07-14T14:24:48 CDT" skipped="0">
  <testcase classname="Dash.clockInAssignToHistoricalStation" name="mainClockInAssignToHistoricalStation" time="125.295"/>
  <system-out/>
</testsuite> <!-- Dash.clockInAssignToHistoricalStation -->
