<?xml version="1.0" encoding="UTF-8"?>
<!-- Generated by org.testng.reporters.JUnitReportReporter -->
<testsuite hostname="GMC16381" failures="0" tests="1" name="Dash.ClockinAMSLineOperators" time="418.016" errors="0" timestamp="2022-06-06T16:38:07 CDT" skipped="0">
  <testcase classname="Dash.ClockinAMSLineOperators" name="mainClockinAMSLineOperators" time="418.016"/>
  <system-out/>
</testsuite> <!-- Dash.ClockinAMSLineOperators -->
