<?xml version="1.0" encoding="UTF-8"?>
<!-- Generated by org.testng.reporters.JUnitReportReporter -->
<testsuite hostname="GMC16381" failures="0" tests="1" name="Dash.ClockOutFromDashaboardStation" time="152.000" errors="0" timestamp="2022-08-05T14:02:53 CDT" skipped="0">
  <testcase classname="Dash.ClockOutFromDashaboardStation" name="mainClockOutFromDashaboardStation" time="152.000"/>
  <system-out/>
</testsuite> <!-- Dash.ClockOutFromDashaboardStation -->
