<?xml version="1.0" encoding="UTF-8"?>
<!-- Generated by org.testng.reporters.JUnitReportReporter -->
<testsuite hostname="GMC16381" failures="0" tests="1" name="Dash.UserInterfaceHelp" time="47.218" errors="0" timestamp="2022-07-25T16:51:16 CDT" skipped="0">
  <testcase classname="Dash.UserInterfaceHelp" name="mainUserInterfaceHelp" time="47.218"/>
  <system-out/>
</testsuite> <!-- Dash.UserInterfaceHelp -->
