<?xml version="1.0" encoding="UTF-8"?>
<!-- Generated by org.testng.reporters.JUnitReportReporter -->
<testsuite hostname="GMC16381" failures="0" tests="1" name="Digi.OrganizationDashboardIcon" time="44.194" errors="0" timestamp="2022-09-29T14:34:48 CDT" skipped="0">
  <testcase classname="Digi.OrganizationDashboardIcon" name="mainOrganizationDashboardIcon" time="44.194"/>
  <system-out/>
</testsuite> <!-- Digi.OrganizationDashboardIcon -->
