<?xml version="1.0" encoding="UTF-8"?>
<!-- Generated by org.testng.reporters.JUnitReportReporter -->
<testsuite hostname="GMC16381" failures="0" tests="1" name="Dash.ClockOutFromDashaboardStation" time="90.844" errors="0" timestamp="2022-08-04T14:05:32 CDT" skipped="0">
  <testcase classname="Dash.ClockOutFromDashaboardStation" name="mainClockOutFromDashaboardStation" time="90.844"/>
  <system-out/>
</testsuite> <!-- Dash.ClockOutFromDashaboardStation -->
