<?xml version="1.0" encoding="UTF-8"?>
<!-- Generated by org.testng.reporters.JUnitReportReporter -->
<testsuite hostname="GMC16381" failures="0" tests="1" name="Dash.search" time="46.073" errors="0" timestamp="2022-07-22T15:28:33 CDT" skipped="0">
  <testcase classname="Dash.search" name="mainSearch" time="46.073"/>
  <system-out/>
</testsuite> <!-- Dash.search -->
