<?xml version="1.0" encoding="UTF-8"?>
<!-- Generated by org.testng.reporters.JUnitReportReporter -->
<testsuite hostname="GMC16381" failures="0" tests="1" name="Digi.CreateClassAndEditGrade" time="50.861" errors="0" timestamp="2022-09-29T14:28:50 CDT" skipped="0">
  <testcase classname="Digi.CreateClassAndEditGrade" name="mainCreateClassAndEditGrade" time="50.861"/>
  <system-out/>
</testsuite> <!-- Digi.CreateClassAndEditGrade -->
