<?xml version="1.0" encoding="UTF-8"?>
<!-- Generated by org.testng.reporters.JUnitReportReporter -->
<testsuite hostname="GMC16381" failures="0" tests="1" name="Dash.DragAndDrop" time="511.017" errors="0" timestamp="2022-07-18T14:02:27 CDT" skipped="0">
  <testcase classname="Dash.DragAndDrop" name="mainDragAndDrop" time="511.017"/>
  <system-out/>
</testsuite> <!-- Dash.DragAndDrop -->
