<?xml version="1.0" encoding="UTF-8"?>
<!-- Generated by org.testng.reporters.JUnitReportReporter -->
<testsuite hostname="GMC16381" failures="0" tests="1" name="Dash.ClockOutFromUnassignedPanel" time="134.069" errors="0" timestamp="2022-09-23T14:27:54 CDT" skipped="0">
  <testcase classname="Dash.ClockOutFromUnassignedPanel" name="mainClockOutFromUnassignedPanel" time="134.069"/>
  <system-out/>
</testsuite> <!-- Dash.ClockOutFromUnassignedPanel -->
