<?xml version="1.0" encoding="UTF-8"?>
<!-- Generated by org.testng.reporters.JUnitReportReporter -->
<testsuite hostname="GMC16381" failures="0" tests="1" name="DPManage.PSIWeight" time="82.883" errors="0" timestamp="2022-08-12T13:29:54 CDT" skipped="0">
  <testcase classname="DPManage.PSIWeight" name="mainPSIWeight" time="82.883"/>
  <system-out/>
</testsuite> <!-- DPManage.PSIWeight -->
