<?xml version="1.0" encoding="UTF-8"?>
<!-- Generated by org.testng.reporters.JUnitReportReporter -->
<testsuite hostname="GMC16381" failures="0" tests="1" name="Dash.ClockOutFromDashaboardStation" time="333.035" errors="0" timestamp="2022-06-01T16:53:50 CDT" skipped="0">
  <testcase classname="Dash.ClockOutFromDashaboardStation" name="mainClockOutFromDashaboardStation" time="333.035"/>
  <system-out/>
</testsuite> <!-- Dash.ClockOutFromDashaboardStation -->
