<?xml version="1.0" encoding="UTF-8"?>
<!-- Generated by org.testng.reporters.JUnitReportReporter -->
<testsuite hostname="GMC16381" failures="0" tests="1" name="Digi.ManagementNonDetailedReports" time="33.076" errors="0" timestamp="2022-03-01T20:46:30 CST" skipped="0">
  <testcase classname="Digi.ManagementNonDetailedReports" name="mainManagementNonDetailedReports" time="33.076"/>
  <system-out/>
</testsuite> <!-- Digi.ManagementNonDetailedReports -->
