<?xml version="1.0" encoding="UTF-8"?>
<!-- Generated by org.testng.reporters.JUnitReportReporter -->
<testsuite hostname="GMC16381" failures="0" tests="1" name="Digi.RegisterTrainer" time="40.621" errors="0" timestamp="2022-09-29T13:10:55 CDT" skipped="0">
  <testcase classname="Digi.RegisterTrainer" name="mainRegisterTrainer" time="40.621"/>
  <system-out/>
</testsuite> <!-- Digi.RegisterTrainer -->
