<?xml version="1.0" encoding="UTF-8"?>
<!-- Generated by org.testng.reporters.JUnitReportReporter -->
<testsuite hostname="GMC16381" failures="0" tests="1" name="Dash.ReleaseMTNLAssignToStation" time="350.456" errors="0" timestamp="2022-08-16T17:49:46 CDT" skipped="0">
  <testcase classname="Dash.ReleaseMTNLAssignToStation" name="mainReleaseMTNLAssignToStation" time="350.456"/>
  <system-out/>
</testsuite> <!-- Dash.ReleaseMTNLAssignToStation -->
