<?xml version="1.0" encoding="UTF-8"?>
<!-- Generated by org.testng.reporters.JUnitReportReporter -->
<testsuite hostname="GMC16381" failures="0" tests="1" name="Dash.clockInAssignToHistoricalStation" time="117.855" errors="0" timestamp="2022-09-26T14:43:48 CDT" skipped="0">
  <testcase classname="Dash.clockInAssignToHistoricalStation" name="mainClockInAssignToHistoricalStation" time="117.855"/>
  <system-out/>
</testsuite> <!-- Dash.clockInAssignToHistoricalStation -->
