<?xml version="1.0" encoding="UTF-8"?>
<!-- Generated by org.testng.reporters.JUnitReportReporter -->
<testsuite hostname="GMC16381" failures="0" tests="1" name="Digi.OperatorTypes" time="34.921" errors="0" timestamp="2022-02-25T11:43:03 CST" skipped="0">
  <testcase classname="Digi.OperatorTypes" name="mainOperatorTypes" time="34.921"/>
  <system-out/>
</testsuite> <!-- Digi.OperatorTypes -->
