<?xml version="1.0" encoding="UTF-8"?>
<!-- Generated by org.testng.reporters.JUnitReportReporter -->
<testsuite hostname="GMC16381" failures="0" tests="1" name="Dash.checkDuplication" time="38.497" errors="0" timestamp="2022-06-16T20:36:12 CDT" skipped="0">
  <testcase classname="Dash.checkDuplication" name="mainCheckDuplication" time="38.497"/>
  <system-out/>
</testsuite> <!-- Dash.checkDuplication -->
