<?xml version="1.0" encoding="UTF-8"?>
<!-- Generated by org.testng.reporters.JUnitReportReporter -->
<testsuite hostname="GMC16381" failures="0" tests="1" name="Digi.stationSequencing" time="54.227" errors="0" timestamp="2022-09-29T14:34:48 CDT" skipped="0">
  <testcase classname="Digi.stationSequencing" name="mainstationSequencing" time="54.227"/>
  <system-out/>
</testsuite> <!-- Digi.stationSequencing -->
