<?xml version="1.0" encoding="UTF-8"?>
<!-- Generated by org.testng.reporters.JUnitReportReporter -->
<testsuite hostname="GMC16381" failures="0" tests="1" name="Dash.clockInToDashboardReservedStation" time="195.639" errors="0" timestamp="2022-06-15T16:38:57 CDT" skipped="0">
  <testcase classname="Dash.clockInToDashboardReservedStation" name="mainClockInToDashboardReservedStation" time="195.639"/>
  <system-out/>
</testsuite> <!-- Dash.clockInToDashboardReservedStation -->
