<?xml version="1.0" encoding="UTF-8"?>
<!-- Generated by org.testng.reporters.JUnitReportReporter -->
<testsuite hostname="GMC16381" failures="0" tests="1" name="Dash.clockInToDashboardReservedStation" time="150.883" errors="0" timestamp="2022-07-22T14:59:45 CDT" skipped="0">
  <testcase classname="Dash.clockInToDashboardReservedStation" name="mainClockInToDashboardReservedStation" time="150.883"/>
  <system-out/>
</testsuite> <!-- Dash.clockInToDashboardReservedStation -->
