<?xml version="1.0" encoding="UTF-8"?>
<!-- Generated by org.testng.reporters.JUnitReportReporter -->
<testsuite hostname="GMC16381" failures="0" tests="1" name="Dash.ReleaseMTNLAssignToStation" time="261.635" errors="0" timestamp="2022-07-18T14:02:27 CDT" skipped="0">
  <testcase classname="Dash.ReleaseMTNLAssignToStation" name="mainReleaseMTNLAssignToStation" time="261.635"/>
  <system-out/>
</testsuite> <!-- Dash.ReleaseMTNLAssignToStation -->
