<?xml version="1.0" encoding="UTF-8"?>
<!-- Generated by org.testng.reporters.JUnitReportReporter -->
<testsuite hostname="GMC16381" failures="0" tests="1" name="Dash.ReleaseAndSentHome" time="1425.909" errors="0" timestamp="2022-08-16T17:39:47 CDT" skipped="0">
  <testcase classname="Dash.ReleaseAndSentHome" name="mainReleaseAndSentHome" time="1425.909"/>
  <system-out/>
</testsuite> <!-- Dash.ReleaseAndSentHome -->
