<?xml version="1.0" encoding="UTF-8"?>
<!-- Generated by org.testng.reporters.JUnitReportReporter -->
<testsuite hostname="GMC16381" failures="0" tests="1" name="Dash.ClockOutFromDashaboardStation" time="113.765" errors="0" timestamp="2022-09-26T15:04:01 CDT" skipped="0">
  <testcase classname="Dash.ClockOutFromDashaboardStation" name="mainClockOutFromDashaboardStation" time="113.765"/>
  <system-out/>
</testsuite> <!-- Dash.ClockOutFromDashaboardStation -->
