<?xml version="1.0" encoding="UTF-8"?>
<!-- Generated by org.testng.reporters.JUnitReportReporter -->
<testsuite hostname="GMC16381" failures="0" tests="1" name="Digi.ClassDataAndEditClass" time="52.550" errors="0" timestamp="2022-09-29T14:28:50 CDT" skipped="0">
  <testcase classname="Digi.ClassDataAndEditClass" name="mainClassDataAndEditClass" time="52.550"/>
  <system-out/>
</testsuite> <!-- Digi.ClassDataAndEditClass -->
