<?xml version="1.0" encoding="UTF-8"?>
<!-- Generated by org.testng.reporters.JUnitReportReporter -->
<testsuite hostname="GMC16381" failures="0" tests="1" name="Dash.search" time="45.777" errors="0" timestamp="2022-08-01T13:59:25 CDT" skipped="0">
  <testcase classname="Dash.search" name="mainSearch" time="45.777"/>
  <system-out/>
</testsuite> <!-- Dash.search -->
