<?xml version="1.0" encoding="UTF-8"?>
<!-- Generated by org.testng.reporters.JUnitReportReporter -->
<testsuite hostname="GMC16381" failures="0" tests="1" name="Dash.ClockinAMSLineOperators" time="466.049" errors="0" timestamp="2022-06-15T15:38:53 CDT" skipped="0">
  <testcase classname="Dash.ClockinAMSLineOperators" name="mainClockinAMSLineOperators" time="466.049"/>
  <system-out/>
</testsuite> <!-- Dash.ClockinAMSLineOperators -->
