<?xml version="1.0" encoding="UTF-8"?>
<!-- Generated by org.testng.reporters.JUnitReportReporter -->
<testsuite hostname="GMC16381" failures="0" tests="1" name="Digi.ManagementNonDetailedReports" time="39.566" errors="0" timestamp="2022-09-29T14:17:32 CDT" skipped="0">
  <testcase classname="Digi.ManagementNonDetailedReports" name="mainManagementNonDetailedReports" time="39.566"/>
  <system-out/>
</testsuite> <!-- Digi.ManagementNonDetailedReports -->
