<?xml version="1.0" encoding="UTF-8"?>
<!-- Generated by org.testng.reporters.JUnitReportReporter -->
<testsuite hostname="GMC16381" failures="0" tests="1" name="Dash.ClockinAMSLineOperators" time="314.198" errors="0" timestamp="2022-06-28T15:18:08 CDT" skipped="0">
  <testcase classname="Dash.ClockinAMSLineOperators" name="mainClockinAMSLineOperators" time="314.198"/>
  <system-out/>
</testsuite> <!-- Dash.ClockinAMSLineOperators -->
