<?xml version="1.0" encoding="UTF-8"?>
<!-- Generated by org.testng.reporters.JUnitReportReporter -->
<testsuite hostname="GMC16381" failures="0" tests="1" name="Dash.clockInAssignToHistoricalStation" time="190.737" errors="0" timestamp="2022-10-05T13:42:46 CDT" skipped="0">
  <testcase classname="Dash.clockInAssignToHistoricalStation" name="mainClockInAssignToHistoricalStation" time="190.737"/>
  <system-out/>
</testsuite> <!-- Dash.clockInAssignToHistoricalStation -->
