<?xml version="1.0" encoding="UTF-8"?>
<!-- Generated by org.testng.reporters.JUnitReportReporter -->
<testsuite hostname="GMC16381" failures="0" tests="1" name="Dash.clockInAssignToHistoricalStation" time="130.211" errors="0" timestamp="2022-08-05T14:02:53 CDT" skipped="0">
  <testcase classname="Dash.clockInAssignToHistoricalStation" name="mainClockInAssignToHistoricalStation" time="130.211"/>
  <system-out/>
</testsuite> <!-- Dash.clockInAssignToHistoricalStation -->
