<?xml version="1.0" encoding="UTF-8"?>
<!-- Generated by org.testng.reporters.JUnitReportReporter -->
<testsuite hostname="GMC16381" failures="0" tests="1" name="Dash.DragAndDrop" time="419.842" errors="0" timestamp="2022-06-06T11:38:29 CDT" skipped="0">
  <testcase classname="Dash.DragAndDrop" name="mainDragAndDrop" time="419.842"/>
  <system-out/>
</testsuite> <!-- Dash.DragAndDrop -->
