<?xml version="1.0" encoding="UTF-8"?>
<!-- Generated by org.testng.reporters.JUnitReportReporter -->
<testsuite hostname="GMC16381" failures="0" tests="1" name="Digi.ManageStation" time="163.640" errors="0" timestamp="2022-09-29T14:34:48 CDT" skipped="0">
  <testcase classname="Digi.ManageStation" name="mainManageStation" time="163.640"/>
  <system-out/>
</testsuite> <!-- Digi.ManageStation -->
