<?xml version="1.0" encoding="UTF-8"?>
<!-- Generated by org.testng.reporters.JUnitReportReporter -->
<testsuite hostname="GMC16381" failures="0" tests="1" name="Dash.ClockinAMSLineOperators" time="394.137" errors="0" timestamp="2022-07-25T13:57:57 CDT" skipped="0">
  <testcase classname="Dash.ClockinAMSLineOperators" name="mainClockinAMSLineOperators" time="394.137"/>
  <system-out/>
</testsuite> <!-- Dash.ClockinAMSLineOperators -->
