<?xml version="1.0" encoding="UTF-8"?>
<!-- Generated by org.testng.reporters.JUnitReportReporter -->
<testsuite hostname="GMC16381" failures="0" tests="1" name="Dash.ReserveOperatorAndRemoveRes" time="158.599" errors="0" timestamp="2022-07-25T14:06:27 CDT" skipped="0">
  <testcase classname="Dash.ReserveOperatorAndRemoveRes" name="mainReserveOperatorAndRemoveRes" time="158.599"/>
  <system-out/>
</testsuite> <!-- Dash.ReserveOperatorAndRemoveRes -->
